{"message":"Undefined index: HTTP_REFERER in D:\\php\\website\\demi\\application\\admin\\controller\\Base.php:344","context":[],"level":400,"level_name":"ERROR","channel":"bear_log","datetime":{"date":"2017-06-15 09:56:20.525225","timezone_type":3,"timezone":"PRC"},"extra":[]}
{"message":"template not exists:D:\\php\\website\\demi\\public/../application/admin\\view\\syslogs\\log.html in D:\\php\\website\\demi\\thinkphp\\library\\think\\view\\driver\\Think.php:80","context":[],"level":400,"level_name":"ERROR","channel":"bear_log","datetime":{"date":"2017-06-15 09:57:06.572542","timezone_type":3,"timezone":"PRC"},"extra":[]}
{"message":"template not exists:D:\\php\\website\\demi\\public/../application/admin\\view\\syslogs\\log.html in D:\\php\\website\\demi\\thinkphp\\library\\think\\view\\driver\\Think.php:80","context":[],"level":400,"level_name":"ERROR","channel":"bear_log","datetime":{"date":"2017-06-15 10:14:25.274195","timezone_type":3,"timezone":"PRC"},"extra":[]}
{"message":"module not exists:static in D:\\php\\website\\demi\\thinkphp\\library\\think\\App.php:360","context":[],"level":400,"level_name":"ERROR","channel":"bear_log","datetime":{"date":"2017-06-15 10:14:39.399723","timezone_type":3,"timezone":"PRC"},"extra":[]}
{"message":"module not exists:static in D:\\php\\website\\demi\\thinkphp\\library\\think\\App.php:360","context":[],"level":400,"level_name":"ERROR","channel":"bear_log","datetime":{"date":"2017-06-15 10:24:57.860760","timezone_type":3,"timezone":"PRC"},"extra":[]}
{"message":"module not exists:static in D:\\php\\website\\demi\\thinkphp\\library\\think\\App.php:360","context":[],"level":400,"level_name":"ERROR","channel":"bear_log","datetime":{"date":"2017-06-15 10:27:26.992100","timezone_type":3,"timezone":"PRC"},"extra":[]}
{"message":"module not exists:static in D:\\php\\website\\demi\\thinkphp\\library\\think\\App.php:360","context":[],"level":400,"level_name":"ERROR","channel":"bear_log","datetime":{"date":"2017-06-15 10:30:06.149733","timezone_type":3,"timezone":"PRC"},"extra":[]}
{"message":"Undefined index: HTTP_REFERER in D:\\php\\website\\demi\\application\\admin\\controller\\Base.php:344","context":[],"level":400,"level_name":"ERROR","channel":"bear_log","datetime":{"date":"2017-06-15 11:45:27.487114","timezone_type":3,"timezone":"PRC"},"extra":[]}
{"message":"Undefined index: HTTP_REFERER in D:\\php\\website\\demi\\application\\admin\\controller\\Base.php:344","context":[],"level":400,"level_name":"ERROR","channel":"bear_log","datetime":{"date":"2017-06-15 12:36:00.896942","timezone_type":3,"timezone":"PRC"},"extra":[]}
{"message":"template not exists:D:\\php\\website\\demi\\public/../application/admin\\view\\syslog\\index.html in D:\\php\\website\\demi\\thinkphp\\library\\think\\view\\driver\\Think.php:80","context":[],"level":400,"level_name":"ERROR","channel":"bear_log","datetime":{"date":"2017-06-15 12:56:26.744274","timezone_type":3,"timezone":"PRC"},"extra":[]}
{"message":"module not exists:static in D:\\php\\website\\demi\\thinkphp\\library\\think\\App.php:360","context":[],"level":400,"level_name":"ERROR","channel":"bear_log","datetime":{"date":"2017-06-15 12:56:47.514229","timezone_type":3,"timezone":"PRC"},"extra":[]}
{"message":"module not exists:static in D:\\php\\website\\demi\\thinkphp\\library\\think\\App.php:360","context":[],"level":400,"level_name":"ERROR","channel":"bear_log","datetime":{"date":"2017-06-15 12:58:23.582014","timezone_type":3,"timezone":"PRC"},"extra":[]}
{"message":"SQLSTATE[42S22]: Column not found: 1054 Unknown column 'id' in 'order clause' in D:\\php\\website\\demi\\thinkphp\\library\\think\\db\\Connection.php:388","context":[],"level":400,"level_name":"ERROR","channel":"bear_log","datetime":{"date":"2017-06-15 12:59:05.990819","timezone_type":3,"timezone":"PRC"},"extra":[]}
{"message":"module not exists:static in D:\\php\\website\\demi\\thinkphp\\library\\think\\App.php:360","context":[],"level":400,"level_name":"ERROR","channel":"bear_log","datetime":{"date":"2017-06-15 12:59:38.549173","timezone_type":3,"timezone":"PRC"},"extra":[]}
{"message":"module not exists:static in D:\\php\\website\\demi\\thinkphp\\library\\think\\App.php:360","context":[],"level":400,"level_name":"ERROR","channel":"bear_log","datetime":{"date":"2017-06-15 12:59:45.273804","timezone_type":3,"timezone":"PRC"},"extra":[]}
{"message":"module not exists:static in D:\\php\\website\\demi\\thinkphp\\library\\think\\App.php:360","context":[],"level":400,"level_name":"ERROR","channel":"bear_log","datetime":{"date":"2017-06-15 12:59:54.427648","timezone_type":3,"timezone":"PRC"},"extra":[]}
{"message":"module not exists:static in D:\\php\\website\\demi\\thinkphp\\library\\think\\App.php:360","context":[],"level":400,"level_name":"ERROR","channel":"bear_log","datetime":{"date":"2017-06-15 13:00:03.339190","timezone_type":3,"timezone":"PRC"},"extra":[]}
{"message":"module not exists:static in D:\\php\\website\\demi\\thinkphp\\library\\think\\App.php:360","context":[],"level":400,"level_name":"ERROR","channel":"bear_log","datetime":{"date":"2017-06-15 15:38:29.050831","timezone_type":3,"timezone":"PRC"},"extra":[]}
{"message":"module not exists:static in D:\\php\\website\\demi\\thinkphp\\library\\think\\App.php:360","context":[],"level":400,"level_name":"ERROR","channel":"bear_log","datetime":{"date":"2017-06-15 15:38:38.548790","timezone_type":3,"timezone":"PRC"},"extra":[]}
{"message":"module not exists:static in D:\\php\\website\\demi\\thinkphp\\library\\think\\App.php:360","context":[],"level":400,"level_name":"ERROR","channel":"bear_log","datetime":{"date":"2017-06-15 17:42:25.848507","timezone_type":3,"timezone":"PRC"},"extra":[]}
{"message":"module not exists:static in D:\\php\\website\\demi\\thinkphp\\library\\think\\App.php:360","context":[],"level":400,"level_name":"ERROR","channel":"bear_log","datetime":{"date":"2017-06-15 17:42:55.614276","timezone_type":3,"timezone":"PRC"},"extra":[]}
{"message":"module not exists:static in D:\\php\\website\\demi\\thinkphp\\library\\think\\App.php:360","context":[],"level":400,"level_name":"ERROR","channel":"bear_log","datetime":{"date":"2017-06-15 17:43:48.382093","timezone_type":3,"timezone":"PRC"},"extra":[]}
{"message":"module not exists:static in D:\\php\\website\\demi\\thinkphp\\library\\think\\App.php:360","context":[],"level":400,"level_name":"ERROR","channel":"bear_log","datetime":{"date":"2017-06-15 17:43:52.705947","timezone_type":3,"timezone":"PRC"},"extra":[]}
{"message":"module not exists:static in D:\\php\\website\\demi\\thinkphp\\library\\think\\App.php:360","context":[],"level":400,"level_name":"ERROR","channel":"bear_log","datetime":{"date":"2017-06-15 17:43:56.099458","timezone_type":3,"timezone":"PRC"},"extra":[]}
{"message":"module not exists:static in D:\\php\\website\\demi\\thinkphp\\library\\think\\App.php:360","context":[],"level":400,"level_name":"ERROR","channel":"bear_log","datetime":{"date":"2017-06-15 17:44:03.528450","timezone_type":3,"timezone":"PRC"},"extra":[]}
{"message":"Undefined index: HTTP_REFERER in D:\\php\\website\\demi\\application\\admin\\controller\\Error.php:17","context":[],"level":400,"level_name":"ERROR","channel":"bear_log","datetime":{"date":"2017-06-15 17:44:42.918295","timezone_type":3,"timezone":"PRC"},"extra":[]}
{"message":"module not exists:static in D:\\php\\website\\demi\\thinkphp\\library\\think\\App.php:360","context":[],"level":400,"level_name":"ERROR","channel":"bear_log","datetime":{"date":"2017-06-15 17:44:48.190462","timezone_type":3,"timezone":"PRC"},"extra":[]}
{"message":"module not exists:static in D:\\php\\website\\demi\\thinkphp\\library\\think\\App.php:360","context":[],"level":400,"level_name":"ERROR","channel":"bear_log","datetime":{"date":"2017-06-15 17:44:55.896310","timezone_type":3,"timezone":"PRC"},"extra":[]}
{"message":"module not exists:static in D:\\php\\website\\demi\\thinkphp\\library\\think\\App.php:360","context":[],"level":400,"level_name":"ERROR","channel":"bear_log","datetime":{"date":"2017-06-15 17:45:12.012557","timezone_type":3,"timezone":"PRC"},"extra":[]}
{"message":"module not exists:static in D:\\php\\website\\demi\\thinkphp\\library\\think\\App.php:360","context":[],"level":400,"level_name":"ERROR","channel":"bear_log","datetime":{"date":"2017-06-15 17:45:17.323977","timezone_type":3,"timezone":"PRC"},"extra":[]}
{"message":"controller not exists:Admin in D:\\php\\website\\demi\\thinkphp\\library\\think\\App.php:388","context":[],"level":400,"level_name":"ERROR","channel":"bear_log","datetime":{"date":"2017-06-15 17:49:11.797034","timezone_type":3,"timezone":"PRC"},"extra":[]}
{"message":"module not exists:static in D:\\php\\website\\demi\\thinkphp\\library\\think\\App.php:360","context":[],"level":400,"level_name":"ERROR","channel":"bear_log","datetime":{"date":"2017-06-15 17:49:28.780102","timezone_type":3,"timezone":"PRC"},"extra":[]}
{"message":"module not exists:static in D:\\php\\website\\demi\\thinkphp\\library\\think\\App.php:360","context":[],"level":400,"level_name":"ERROR","channel":"bear_log","datetime":{"date":"2017-06-15 17:49:31.502421","timezone_type":3,"timezone":"PRC"},"extra":[]}
{"message":"module not exists:static in D:\\php\\website\\demi\\thinkphp\\library\\think\\App.php:360","context":[],"level":400,"level_name":"ERROR","channel":"bear_log","datetime":{"date":"2017-06-15 17:51:53.311148","timezone_type":3,"timezone":"PRC"},"extra":[]}
{"message":"module not exists:static in D:\\php\\website\\demi\\thinkphp\\library\\think\\App.php:360","context":[],"level":400,"level_name":"ERROR","channel":"bear_log","datetime":{"date":"2017-06-15 18:01:48.127008","timezone_type":3,"timezone":"PRC"},"extra":[]}
{"message":"module not exists:static in D:\\php\\website\\demi\\thinkphp\\library\\think\\App.php:360","context":[],"level":400,"level_name":"ERROR","channel":"bear_log","datetime":{"date":"2017-06-15 18:01:51.344076","timezone_type":3,"timezone":"PRC"},"extra":[]}
{"message":"module not exists:static in D:\\php\\website\\demi\\thinkphp\\library\\think\\App.php:360","context":[],"level":400,"level_name":"ERROR","channel":"bear_log","datetime":{"date":"2017-06-15 18:08:55.043082","timezone_type":3,"timezone":"PRC"},"extra":[]}
{"message":"module not exists:static in D:\\php\\website\\demi\\thinkphp\\library\\think\\App.php:360","context":[],"level":400,"level_name":"ERROR","channel":"bear_log","datetime":{"date":"2017-06-15 18:08:58.473372","timezone_type":3,"timezone":"PRC"},"extra":[]}
{"message":"module not exists:static in D:\\php\\website\\demi\\thinkphp\\library\\think\\App.php:360","context":[],"level":400,"level_name":"ERROR","channel":"bear_log","datetime":{"date":"2017-06-15 20:30:42.363499","timezone_type":3,"timezone":"PRC"},"extra":[]}
